{
  "RSpec": {
    "coverage": {
      "/Turing/module3/hapipics/app/models/hapi_tag_feed.rb": [
        1,
        null,
        1,
        1,
        null,
        null,
        1,
        1,
        1,
        null,
        null,
        null
      ],
      "/Turing/module3/hapipics/app/models/post.rb": [
        1,
        null,
        1,
        2,
        null,
        null,
        1,
        1,
        null,
        null,
        1,
        1,
        null,
        null,
        1,
        0,
        null,
        null,
        1,
        1,
        null,
        null,
        null
      ],
      "/Turing/module3/hapipics/app/models/user_feed.rb": [
        1,
        null,
        1,
        6,
        null,
        null,
        1,
        6,
        null,
        null,
        null
      ],
      "/Turing/module3/hapipics/app/models/user_media.rb": [
        1,
        null,
        1,
        1,
        null,
        null,
        1,
        1,
        null,
        null,
        null
      ],
      "/Turing/module3/hapipics/app/models/user.rb": [
        1,
        null,
        1,
        7,
        null,
        null,
        1,
        7,
        null,
        null,
        1,
        1,
        null,
        null,
        1,
        1,
        null,
        null,
        1,
        1,
        null,
        null,
        1,
        1,
        null,
        null,
        1,
        1,
        null,
        null,
        1,
        1,
        null,
        null,
        1,
        1,
        null,
        null,
        null
      ],
      "/Turing/module3/hapipics/app/controllers/welcome_controller.rb": [
        1,
        1,
        null,
        null
      ],
      "/Turing/module3/hapipics/app/controllers/application_controller.rb": [
        1,
        null,
        null,
        1,
        null
      ],
      "/Turing/module3/hapipics/app/services/twitter_service.rb": [
        1,
        1,
        null,
        1,
        7,
        null,
        null,
        1,
        8,
        null,
        null,
        1,
        7,
        null,
        null,
        1,
        2,
        null,
        null,
        1,
        1,
        null,
        null,
        1,
        18,
        null,
        null
      ]
    },
    "timestamp": 1446155395
  }
}
